/Users/janisaez/code/nanoclaw/autoresearch/projects/ct-predictor/train.py:131: PerformanceWarning: DataFrame is highly fragmented.  This is usually the result of calling `frame.insert` many times, which has poor performance.  Consider joining all columns at once using pd.concat(axis=1) instead. To get a de-fragmented frame, use `newframe = frame.copy()`
  X[f"{col}_missing"] = X[col].isna().astype(int)
/Users/janisaez/code/nanoclaw/autoresearch/projects/ct-predictor/train.py:131: PerformanceWarning: DataFrame is highly fragmented.  This is usually the result of calling `frame.insert` many times, which has poor performance.  Consider joining all columns at once using pd.concat(axis=1) instead. To get a de-fragmented frame, use `newframe = frame.copy()`
  X[f"{col}_missing"] = X[col].isna().astype(int)
/Users/janisaez/code/nanoclaw/autoresearch/projects/ct-predictor/train.py:131: PerformanceWarning: DataFrame is highly fragmented.  This is usually the result of calling `frame.insert` many times, which has poor performance.  Consider joining all columns at once using pd.concat(axis=1) instead. To get a de-fragmented frame, use `newframe = frame.copy()`
  X[f"{col}_missing"] = X[col].isna().astype(int)
/Users/janisaez/code/nanoclaw/autoresearch/projects/ct-predictor/train.py:131: PerformanceWarning: DataFrame is highly fragmented.  This is usually the result of calling `frame.insert` many times, which has poor performance.  Consider joining all columns at once using pd.concat(axis=1) instead. To get a de-fragmented frame, use `newframe = frame.copy()`
  X[f"{col}_missing"] = X[col].isna().astype(int)
/Users/janisaez/code/nanoclaw/autoresearch/projects/ct-predictor/train.py:131: PerformanceWarning: DataFrame is highly fragmented.  This is usually the result of calling `frame.insert` many times, which has poor performance.  Consider joining all columns at once using pd.concat(axis=1) instead. To get a de-fragmented frame, use `newframe = frame.copy()`
  X[f"{col}_missing"] = X[col].isna().astype(int)
/Users/janisaez/code/nanoclaw/autoresearch/projects/ct-predictor/train.py:131: PerformanceWarning: DataFrame is highly fragmented.  This is usually the result of calling `frame.insert` many times, which has poor performance.  Consider joining all columns at once using pd.concat(axis=1) instead. To get a de-fragmented frame, use `newframe = frame.copy()`
  X[f"{col}_missing"] = X[col].isna().astype(int)
/Users/janisaez/code/nanoclaw/autoresearch/projects/ct-predictor/train.py:131: PerformanceWarning: DataFrame is highly fragmented.  This is usually the result of calling `frame.insert` many times, which has poor performance.  Consider joining all columns at once using pd.concat(axis=1) instead. To get a de-fragmented frame, use `newframe = frame.copy()`
  X[f"{col}_missing"] = X[col].isna().astype(int)
/Users/janisaez/code/nanoclaw/autoresearch/projects/ct-predictor/train.py:131: PerformanceWarning: DataFrame is highly fragmented.  This is usually the result of calling `frame.insert` many times, which has poor performance.  Consider joining all columns at once using pd.concat(axis=1) instead. To get a de-fragmented frame, use `newframe = frame.copy()`
  X[f"{col}_missing"] = X[col].isna().astype(int)
/Users/janisaez/code/nanoclaw/autoresearch/projects/ct-predictor/train.py:131: PerformanceWarning: DataFrame is highly fragmented.  This is usually the result of calling `frame.insert` many times, which has poor performance.  Consider joining all columns at once using pd.concat(axis=1) instead. To get a de-fragmented frame, use `newframe = frame.copy()`
  X[f"{col}_missing"] = X[col].isna().astype(int)
/Users/janisaez/code/nanoclaw/autoresearch/projects/ct-predictor/train.py:131: PerformanceWarning: DataFrame is highly fragmented.  This is usually the result of calling `frame.insert` many times, which has poor performance.  Consider joining all columns at once using pd.concat(axis=1) instead. To get a de-fragmented frame, use `newframe = frame.copy()`
  X[f"{col}_missing"] = X[col].isna().astype(int)
/Users/janisaez/code/nanoclaw/autoresearch/projects/ct-predictor/train.py:131: PerformanceWarning: DataFrame is highly fragmented.  This is usually the result of calling `frame.insert` many times, which has poor performance.  Consider joining all columns at once using pd.concat(axis=1) instead. To get a de-fragmented frame, use `newframe = frame.copy()`
  X[f"{col}_missing"] = X[col].isna().astype(int)
/Users/janisaez/code/nanoclaw/autoresearch/projects/ct-predictor/train.py:131: PerformanceWarning: DataFrame is highly fragmented.  This is usually the result of calling `frame.insert` many times, which has poor performance.  Consider joining all columns at once using pd.concat(axis=1) instead. To get a de-fragmented frame, use `newframe = frame.copy()`
  X[f"{col}_missing"] = X[col].isna().astype(int)
/Users/janisaez/code/nanoclaw/autoresearch/projects/ct-predictor/train.py:131: PerformanceWarning: DataFrame is highly fragmented.  This is usually the result of calling `frame.insert` many times, which has poor performance.  Consider joining all columns at once using pd.concat(axis=1) instead. To get a de-fragmented frame, use `newframe = frame.copy()`
  X[f"{col}_missing"] = X[col].isna().astype(int)
/Users/janisaez/code/nanoclaw/autoresearch/projects/ct-predictor/train.py:131: PerformanceWarning: DataFrame is highly fragmented.  This is usually the result of calling `frame.insert` many times, which has poor performance.  Consider joining all columns at once using pd.concat(axis=1) instead. To get a de-fragmented frame, use `newframe = frame.copy()`
  X[f"{col}_missing"] = X[col].isna().astype(int)
/Users/janisaez/code/nanoclaw/autoresearch/projects/ct-predictor/train.py:131: PerformanceWarning: DataFrame is highly fragmented.  This is usually the result of calling `frame.insert` many times, which has poor performance.  Consider joining all columns at once using pd.concat(axis=1) instead. To get a de-fragmented frame, use `newframe = frame.copy()`
  X[f"{col}_missing"] = X[col].isna().astype(int)
/Users/janisaez/code/nanoclaw/autoresearch/projects/ct-predictor/train.py:131: PerformanceWarning: DataFrame is highly fragmented.  This is usually the result of calling `frame.insert` many times, which has poor performance.  Consider joining all columns at once using pd.concat(axis=1) instead. To get a de-fragmented frame, use `newframe = frame.copy()`
  X[f"{col}_missing"] = X[col].isna().astype(int)
/Users/janisaez/code/nanoclaw/autoresearch/projects/ct-predictor/train.py:131: PerformanceWarning: DataFrame is highly fragmented.  This is usually the result of calling `frame.insert` many times, which has poor performance.  Consider joining all columns at once using pd.concat(axis=1) instead. To get a de-fragmented frame, use `newframe = frame.copy()`
  X[f"{col}_missing"] = X[col].isna().astype(int)
/Users/janisaez/code/nanoclaw/autoresearch/projects/ct-predictor/train.py:131: PerformanceWarning: DataFrame is highly fragmented.  This is usually the result of calling `frame.insert` many times, which has poor performance.  Consider joining all columns at once using pd.concat(axis=1) instead. To get a de-fragmented frame, use `newframe = frame.copy()`
  X[f"{col}_missing"] = X[col].isna().astype(int)
/Users/janisaez/code/nanoclaw/autoresearch/projects/ct-predictor/train.py:131: PerformanceWarning: DataFrame is highly fragmented.  This is usually the result of calling `frame.insert` many times, which has poor performance.  Consider joining all columns at once using pd.concat(axis=1) instead. To get a de-fragmented frame, use `newframe = frame.copy()`
  X[f"{col}_missing"] = X[col].isna().astype(int)
/Users/janisaez/code/nanoclaw/autoresearch/projects/ct-predictor/train.py:131: PerformanceWarning: DataFrame is highly fragmented.  This is usually the result of calling `frame.insert` many times, which has poor performance.  Consider joining all columns at once using pd.concat(axis=1) instead. To get a de-fragmented frame, use `newframe = frame.copy()`
  X[f"{col}_missing"] = X[col].isna().astype(int)
/Users/janisaez/code/nanoclaw/autoresearch/projects/ct-predictor/train.py:131: PerformanceWarning: DataFrame is highly fragmented.  This is usually the result of calling `frame.insert` many times, which has poor performance.  Consider joining all columns at once using pd.concat(axis=1) instead. To get a de-fragmented frame, use `newframe = frame.copy()`
  X[f"{col}_missing"] = X[col].isna().astype(int)
/Users/janisaez/code/nanoclaw/autoresearch/projects/ct-predictor/train.py:131: PerformanceWarning: DataFrame is highly fragmented.  This is usually the result of calling `frame.insert` many times, which has poor performance.  Consider joining all columns at once using pd.concat(axis=1) instead. To get a de-fragmented frame, use `newframe = frame.copy()`
  X[f"{col}_missing"] = X[col].isna().astype(int)
/Users/janisaez/code/nanoclaw/autoresearch/projects/ct-predictor/train.py:131: PerformanceWarning: DataFrame is highly fragmented.  This is usually the result of calling `frame.insert` many times, which has poor performance.  Consider joining all columns at once using pd.concat(axis=1) instead. To get a de-fragmented frame, use `newframe = frame.copy()`
  X[f"{col}_missing"] = X[col].isna().astype(int)
/Users/janisaez/code/nanoclaw/autoresearch/projects/ct-predictor/train.py:131: PerformanceWarning: DataFrame is highly fragmented.  This is usually the result of calling `frame.insert` many times, which has poor performance.  Consider joining all columns at once using pd.concat(axis=1) instead. To get a de-fragmented frame, use `newframe = frame.copy()`
  X[f"{col}_missing"] = X[col].isna().astype(int)
/Users/janisaez/code/nanoclaw/autoresearch/projects/ct-predictor/train.py:131: PerformanceWarning: DataFrame is highly fragmented.  This is usually the result of calling `frame.insert` many times, which has poor performance.  Consider joining all columns at once using pd.concat(axis=1) instead. To get a de-fragmented frame, use `newframe = frame.copy()`
  X[f"{col}_missing"] = X[col].isna().astype(int)
/Users/janisaez/code/nanoclaw/autoresearch/projects/ct-predictor/train.py:131: PerformanceWarning: DataFrame is highly fragmented.  This is usually the result of calling `frame.insert` many times, which has poor performance.  Consider joining all columns at once using pd.concat(axis=1) instead. To get a de-fragmented frame, use `newframe = frame.copy()`
  X[f"{col}_missing"] = X[col].isna().astype(int)
/Users/janisaez/code/nanoclaw/autoresearch/projects/ct-predictor/train.py:131: PerformanceWarning: DataFrame is highly fragmented.  This is usually the result of calling `frame.insert` many times, which has poor performance.  Consider joining all columns at once using pd.concat(axis=1) instead. To get a de-fragmented frame, use `newframe = frame.copy()`
  X[f"{col}_missing"] = X[col].isna().astype(int)
/Users/janisaez/code/nanoclaw/autoresearch/projects/ct-predictor/train.py:131: PerformanceWarning: DataFrame is highly fragmented.  This is usually the result of calling `frame.insert` many times, which has poor performance.  Consider joining all columns at once using pd.concat(axis=1) instead. To get a de-fragmented frame, use `newframe = frame.copy()`
  X[f"{col}_missing"] = X[col].isna().astype(int)
/Users/janisaez/code/nanoclaw/autoresearch/projects/ct-predictor/train.py:131: PerformanceWarning: DataFrame is highly fragmented.  This is usually the result of calling `frame.insert` many times, which has poor performance.  Consider joining all columns at once using pd.concat(axis=1) instead. To get a de-fragmented frame, use `newframe = frame.copy()`
  X[f"{col}_missing"] = X[col].isna().astype(int)
/Users/janisaez/code/nanoclaw/autoresearch/projects/ct-predictor/train.py:131: PerformanceWarning: DataFrame is highly fragmented.  This is usually the result of calling `frame.insert` many times, which has poor performance.  Consider joining all columns at once using pd.concat(axis=1) instead. To get a de-fragmented frame, use `newframe = frame.copy()`
  X[f"{col}_missing"] = X[col].isna().astype(int)
/Users/janisaez/code/nanoclaw/autoresearch/projects/ct-predictor/train.py:131: PerformanceWarning: DataFrame is highly fragmented.  This is usually the result of calling `frame.insert` many times, which has poor performance.  Consider joining all columns at once using pd.concat(axis=1) instead. To get a de-fragmented frame, use `newframe = frame.copy()`
  X[f"{col}_missing"] = X[col].isna().astype(int)
/Users/janisaez/code/nanoclaw/autoresearch/projects/ct-predictor/train.py:131: PerformanceWarning: DataFrame is highly fragmented.  This is usually the result of calling `frame.insert` many times, which has poor performance.  Consider joining all columns at once using pd.concat(axis=1) instead. To get a de-fragmented frame, use `newframe = frame.copy()`
  X[f"{col}_missing"] = X[col].isna().astype(int)
/Users/janisaez/code/nanoclaw/autoresearch/projects/ct-predictor/train.py:131: PerformanceWarning: DataFrame is highly fragmented.  This is usually the result of calling `frame.insert` many times, which has poor performance.  Consider joining all columns at once using pd.concat(axis=1) instead. To get a de-fragmented frame, use `newframe = frame.copy()`
  X[f"{col}_missing"] = X[col].isna().astype(int)
/Users/janisaez/code/nanoclaw/autoresearch/projects/ct-predictor/train.py:131: PerformanceWarning: DataFrame is highly fragmented.  This is usually the result of calling `frame.insert` many times, which has poor performance.  Consider joining all columns at once using pd.concat(axis=1) instead. To get a de-fragmented frame, use `newframe = frame.copy()`
  X[f"{col}_missing"] = X[col].isna().astype(int)
/Users/janisaez/code/nanoclaw/autoresearch/projects/ct-predictor/train.py:131: PerformanceWarning: DataFrame is highly fragmented.  This is usually the result of calling `frame.insert` many times, which has poor performance.  Consider joining all columns at once using pd.concat(axis=1) instead. To get a de-fragmented frame, use `newframe = frame.copy()`
  X[f"{col}_missing"] = X[col].isna().astype(int)
/Users/janisaez/code/nanoclaw/autoresearch/projects/ct-predictor/train.py:131: PerformanceWarning: DataFrame is highly fragmented.  This is usually the result of calling `frame.insert` many times, which has poor performance.  Consider joining all columns at once using pd.concat(axis=1) instead. To get a de-fragmented frame, use `newframe = frame.copy()`
  X[f"{col}_missing"] = X[col].isna().astype(int)
/Users/janisaez/code/nanoclaw/autoresearch/projects/ct-predictor/train.py:131: PerformanceWarning: DataFrame is highly fragmented.  This is usually the result of calling `frame.insert` many times, which has poor performance.  Consider joining all columns at once using pd.concat(axis=1) instead. To get a de-fragmented frame, use `newframe = frame.copy()`
  X[f"{col}_missing"] = X[col].isna().astype(int)
/Users/janisaez/code/nanoclaw/autoresearch/projects/ct-predictor/train.py:131: PerformanceWarning: DataFrame is highly fragmented.  This is usually the result of calling `frame.insert` many times, which has poor performance.  Consider joining all columns at once using pd.concat(axis=1) instead. To get a de-fragmented frame, use `newframe = frame.copy()`
  X[f"{col}_missing"] = X[col].isna().astype(int)
/Users/janisaez/code/nanoclaw/autoresearch/projects/ct-predictor/train.py:131: PerformanceWarning: DataFrame is highly fragmented.  This is usually the result of calling `frame.insert` many times, which has poor performance.  Consider joining all columns at once using pd.concat(axis=1) instead. To get a de-fragmented frame, use `newframe = frame.copy()`
  X[f"{col}_missing"] = X[col].isna().astype(int)
/Users/janisaez/code/nanoclaw/autoresearch/projects/ct-predictor/train.py:131: PerformanceWarning: DataFrame is highly fragmented.  This is usually the result of calling `frame.insert` many times, which has poor performance.  Consider joining all columns at once using pd.concat(axis=1) instead. To get a de-fragmented frame, use `newframe = frame.copy()`
  X[f"{col}_missing"] = X[col].isna().astype(int)
/Users/janisaez/code/nanoclaw/autoresearch/projects/ct-predictor/train.py:131: PerformanceWarning: DataFrame is highly fragmented.  This is usually the result of calling `frame.insert` many times, which has poor performance.  Consider joining all columns at once using pd.concat(axis=1) instead. To get a de-fragmented frame, use `newframe = frame.copy()`
  X[f"{col}_missing"] = X[col].isna().astype(int)
/Users/janisaez/code/nanoclaw/autoresearch/projects/ct-predictor/train.py:131: PerformanceWarning: DataFrame is highly fragmented.  This is usually the result of calling `frame.insert` many times, which has poor performance.  Consider joining all columns at once using pd.concat(axis=1) instead. To get a de-fragmented frame, use `newframe = frame.copy()`
  X[f"{col}_missing"] = X[col].isna().astype(int)
/Users/janisaez/code/nanoclaw/autoresearch/projects/ct-predictor/train.py:131: PerformanceWarning: DataFrame is highly fragmented.  This is usually the result of calling `frame.insert` many times, which has poor performance.  Consider joining all columns at once using pd.concat(axis=1) instead. To get a de-fragmented frame, use `newframe = frame.copy()`
  X[f"{col}_missing"] = X[col].isna().astype(int)
/Users/janisaez/code/nanoclaw/autoresearch/projects/ct-predictor/train.py:131: PerformanceWarning: DataFrame is highly fragmented.  This is usually the result of calling `frame.insert` many times, which has poor performance.  Consider joining all columns at once using pd.concat(axis=1) instead. To get a de-fragmented frame, use `newframe = frame.copy()`
  X[f"{col}_missing"] = X[col].isna().astype(int)
/Users/janisaez/code/nanoclaw/autoresearch/projects/ct-predictor/train.py:131: PerformanceWarning: DataFrame is highly fragmented.  This is usually the result of calling `frame.insert` many times, which has poor performance.  Consider joining all columns at once using pd.concat(axis=1) instead. To get a de-fragmented frame, use `newframe = frame.copy()`
  X[f"{col}_missing"] = X[col].isna().astype(int)
/Users/janisaez/code/nanoclaw/autoresearch/projects/ct-predictor/train.py:131: PerformanceWarning: DataFrame is highly fragmented.  This is usually the result of calling `frame.insert` many times, which has poor performance.  Consider joining all columns at once using pd.concat(axis=1) instead. To get a de-fragmented frame, use `newframe = frame.copy()`
  X[f"{col}_missing"] = X[col].isna().astype(int)
/Users/janisaez/code/nanoclaw/autoresearch/projects/ct-predictor/train.py:131: PerformanceWarning: DataFrame is highly fragmented.  This is usually the result of calling `frame.insert` many times, which has poor performance.  Consider joining all columns at once using pd.concat(axis=1) instead. To get a de-fragmented frame, use `newframe = frame.copy()`
  X[f"{col}_missing"] = X[col].isna().astype(int)
/Users/janisaez/code/nanoclaw/autoresearch/projects/ct-predictor/train.py:131: PerformanceWarning: DataFrame is highly fragmented.  This is usually the result of calling `frame.insert` many times, which has poor performance.  Consider joining all columns at once using pd.concat(axis=1) instead. To get a de-fragmented frame, use `newframe = frame.copy()`
  X[f"{col}_missing"] = X[col].isna().astype(int)
/Users/janisaez/code/nanoclaw/autoresearch/projects/ct-predictor/train.py:131: PerformanceWarning: DataFrame is highly fragmented.  This is usually the result of calling `frame.insert` many times, which has poor performance.  Consider joining all columns at once using pd.concat(axis=1) instead. To get a de-fragmented frame, use `newframe = frame.copy()`
  X[f"{col}_missing"] = X[col].isna().astype(int)
/Users/janisaez/code/nanoclaw/autoresearch/projects/ct-predictor/train.py:131: PerformanceWarning: DataFrame is highly fragmented.  This is usually the result of calling `frame.insert` many times, which has poor performance.  Consider joining all columns at once using pd.concat(axis=1) instead. To get a de-fragmented frame, use `newframe = frame.copy()`
  X[f"{col}_missing"] = X[col].isna().astype(int)
/Users/janisaez/code/nanoclaw/autoresearch/projects/ct-predictor/train.py:131: PerformanceWarning: DataFrame is highly fragmented.  This is usually the result of calling `frame.insert` many times, which has poor performance.  Consider joining all columns at once using pd.concat(axis=1) instead. To get a de-fragmented frame, use `newframe = frame.copy()`
  X[f"{col}_missing"] = X[col].isna().astype(int)
/Users/janisaez/code/nanoclaw/autoresearch/projects/ct-predictor/train.py:131: PerformanceWarning: DataFrame is highly fragmented.  This is usually the result of calling `frame.insert` many times, which has poor performance.  Consider joining all columns at once using pd.concat(axis=1) instead. To get a de-fragmented frame, use `newframe = frame.copy()`
  X[f"{col}_missing"] = X[col].isna().astype(int)
/Users/janisaez/code/nanoclaw/autoresearch/projects/ct-predictor/train.py:131: PerformanceWarning: DataFrame is highly fragmented.  This is usually the result of calling `frame.insert` many times, which has poor performance.  Consider joining all columns at once using pd.concat(axis=1) instead. To get a de-fragmented frame, use `newframe = frame.copy()`
  X[f"{col}_missing"] = X[col].isna().astype(int)
/Users/janisaez/code/nanoclaw/autoresearch/projects/ct-predictor/train.py:131: PerformanceWarning: DataFrame is highly fragmented.  This is usually the result of calling `frame.insert` many times, which has poor performance.  Consider joining all columns at once using pd.concat(axis=1) instead. To get a de-fragmented frame, use `newframe = frame.copy()`
  X[f"{col}_missing"] = X[col].isna().astype(int)
/Users/janisaez/code/nanoclaw/autoresearch/projects/ct-predictor/train.py:131: PerformanceWarning: DataFrame is highly fragmented.  This is usually the result of calling `frame.insert` many times, which has poor performance.  Consider joining all columns at once using pd.concat(axis=1) instead. To get a de-fragmented frame, use `newframe = frame.copy()`
  X[f"{col}_missing"] = X[col].isna().astype(int)
/Users/janisaez/code/nanoclaw/autoresearch/projects/ct-predictor/train.py:131: PerformanceWarning: DataFrame is highly fragmented.  This is usually the result of calling `frame.insert` many times, which has poor performance.  Consider joining all columns at once using pd.concat(axis=1) instead. To get a de-fragmented frame, use `newframe = frame.copy()`
  X[f"{col}_missing"] = X[col].isna().astype(int)
/Users/janisaez/code/nanoclaw/autoresearch/projects/ct-predictor/train.py:131: PerformanceWarning: DataFrame is highly fragmented.  This is usually the result of calling `frame.insert` many times, which has poor performance.  Consider joining all columns at once using pd.concat(axis=1) instead. To get a de-fragmented frame, use `newframe = frame.copy()`
  X[f"{col}_missing"] = X[col].isna().astype(int)
/Users/janisaez/code/nanoclaw/autoresearch/projects/ct-predictor/train.py:131: PerformanceWarning: DataFrame is highly fragmented.  This is usually the result of calling `frame.insert` many times, which has poor performance.  Consider joining all columns at once using pd.concat(axis=1) instead. To get a de-fragmented frame, use `newframe = frame.copy()`
  X[f"{col}_missing"] = X[col].isna().astype(int)
/Users/janisaez/code/nanoclaw/autoresearch/projects/ct-predictor/train.py:131: PerformanceWarning: DataFrame is highly fragmented.  This is usually the result of calling `frame.insert` many times, which has poor performance.  Consider joining all columns at once using pd.concat(axis=1) instead. To get a de-fragmented frame, use `newframe = frame.copy()`
  X[f"{col}_missing"] = X[col].isna().astype(int)
/Users/janisaez/code/nanoclaw/autoresearch/projects/ct-predictor/train.py:131: PerformanceWarning: DataFrame is highly fragmented.  This is usually the result of calling `frame.insert` many times, which has poor performance.  Consider joining all columns at once using pd.concat(axis=1) instead. To get a de-fragmented frame, use `newframe = frame.copy()`
  X[f"{col}_missing"] = X[col].isna().astype(int)
/Users/janisaez/code/nanoclaw/autoresearch/projects/ct-predictor/train.py:131: PerformanceWarning: DataFrame is highly fragmented.  This is usually the result of calling `frame.insert` many times, which has poor performance.  Consider joining all columns at once using pd.concat(axis=1) instead. To get a de-fragmented frame, use `newframe = frame.copy()`
  X[f"{col}_missing"] = X[col].isna().astype(int)
/Users/janisaez/code/nanoclaw/autoresearch/projects/ct-predictor/train.py:131: PerformanceWarning: DataFrame is highly fragmented.  This is usually the result of calling `frame.insert` many times, which has poor performance.  Consider joining all columns at once using pd.concat(axis=1) instead. To get a de-fragmented frame, use `newframe = frame.copy()`
  X[f"{col}_missing"] = X[col].isna().astype(int)
/Users/janisaez/code/nanoclaw/autoresearch/projects/ct-predictor/train.py:131: PerformanceWarning: DataFrame is highly fragmented.  This is usually the result of calling `frame.insert` many times, which has poor performance.  Consider joining all columns at once using pd.concat(axis=1) instead. To get a de-fragmented frame, use `newframe = frame.copy()`
  X[f"{col}_missing"] = X[col].isna().astype(int)
/Users/janisaez/code/nanoclaw/autoresearch/projects/ct-predictor/train.py:131: PerformanceWarning: DataFrame is highly fragmented.  This is usually the result of calling `frame.insert` many times, which has poor performance.  Consider joining all columns at once using pd.concat(axis=1) instead. To get a de-fragmented frame, use `newframe = frame.copy()`
  X[f"{col}_missing"] = X[col].isna().astype(int)
/Users/janisaez/code/nanoclaw/autoresearch/projects/ct-predictor/train.py:131: PerformanceWarning: DataFrame is highly fragmented.  This is usually the result of calling `frame.insert` many times, which has poor performance.  Consider joining all columns at once using pd.concat(axis=1) instead. To get a de-fragmented frame, use `newframe = frame.copy()`
  X[f"{col}_missing"] = X[col].isna().astype(int)
/Users/janisaez/code/nanoclaw/autoresearch/projects/ct-predictor/train.py:131: PerformanceWarning: DataFrame is highly fragmented.  This is usually the result of calling `frame.insert` many times, which has poor performance.  Consider joining all columns at once using pd.concat(axis=1) instead. To get a de-fragmented frame, use `newframe = frame.copy()`
  X[f"{col}_missing"] = X[col].isna().astype(int)
/Users/janisaez/code/nanoclaw/autoresearch/projects/ct-predictor/train.py:131: PerformanceWarning: DataFrame is highly fragmented.  This is usually the result of calling `frame.insert` many times, which has poor performance.  Consider joining all columns at once using pd.concat(axis=1) instead. To get a de-fragmented frame, use `newframe = frame.copy()`
  X[f"{col}_missing"] = X[col].isna().astype(int)
/Users/janisaez/code/nanoclaw/autoresearch/projects/ct-predictor/train.py:131: PerformanceWarning: DataFrame is highly fragmented.  This is usually the result of calling `frame.insert` many times, which has poor performance.  Consider joining all columns at once using pd.concat(axis=1) instead. To get a de-fragmented frame, use `newframe = frame.copy()`
  X[f"{col}_missing"] = X[col].isna().astype(int)
/Users/janisaez/code/nanoclaw/autoresearch/projects/ct-predictor/train.py:131: PerformanceWarning: DataFrame is highly fragmented.  This is usually the result of calling `frame.insert` many times, which has poor performance.  Consider joining all columns at once using pd.concat(axis=1) instead. To get a de-fragmented frame, use `newframe = frame.copy()`
  X[f"{col}_missing"] = X[col].isna().astype(int)
/Users/janisaez/code/nanoclaw/autoresearch/projects/ct-predictor/train.py:131: PerformanceWarning: DataFrame is highly fragmented.  This is usually the result of calling `frame.insert` many times, which has poor performance.  Consider joining all columns at once using pd.concat(axis=1) instead. To get a de-fragmented frame, use `newframe = frame.copy()`
  X[f"{col}_missing"] = X[col].isna().astype(int)
/Users/janisaez/code/nanoclaw/autoresearch/projects/ct-predictor/train.py:131: PerformanceWarning: DataFrame is highly fragmented.  This is usually the result of calling `frame.insert` many times, which has poor performance.  Consider joining all columns at once using pd.concat(axis=1) instead. To get a de-fragmented frame, use `newframe = frame.copy()`
  X[f"{col}_missing"] = X[col].isna().astype(int)
/Users/janisaez/code/nanoclaw/autoresearch/projects/ct-predictor/train.py:131: PerformanceWarning: DataFrame is highly fragmented.  This is usually the result of calling `frame.insert` many times, which has poor performance.  Consider joining all columns at once using pd.concat(axis=1) instead. To get a de-fragmented frame, use `newframe = frame.copy()`
  X[f"{col}_missing"] = X[col].isna().astype(int)
/Users/janisaez/code/nanoclaw/autoresearch/projects/ct-predictor/train.py:131: PerformanceWarning: DataFrame is highly fragmented.  This is usually the result of calling `frame.insert` many times, which has poor performance.  Consider joining all columns at once using pd.concat(axis=1) instead. To get a de-fragmented frame, use `newframe = frame.copy()`
  X[f"{col}_missing"] = X[col].isna().astype(int)
/Users/janisaez/code/nanoclaw/autoresearch/projects/ct-predictor/train.py:131: PerformanceWarning: DataFrame is highly fragmented.  This is usually the result of calling `frame.insert` many times, which has poor performance.  Consider joining all columns at once using pd.concat(axis=1) instead. To get a de-fragmented frame, use `newframe = frame.copy()`
  X[f"{col}_missing"] = X[col].isna().astype(int)
/Users/janisaez/code/nanoclaw/autoresearch/projects/ct-predictor/train.py:131: PerformanceWarning: DataFrame is highly fragmented.  This is usually the result of calling `frame.insert` many times, which has poor performance.  Consider joining all columns at once using pd.concat(axis=1) instead. To get a de-fragmented frame, use `newframe = frame.copy()`
  X[f"{col}_missing"] = X[col].isna().astype(int)
/Users/janisaez/code/nanoclaw/autoresearch/projects/ct-predictor/train.py:131: PerformanceWarning: DataFrame is highly fragmented.  This is usually the result of calling `frame.insert` many times, which has poor performance.  Consider joining all columns at once using pd.concat(axis=1) instead. To get a de-fragmented frame, use `newframe = frame.copy()`
  X[f"{col}_missing"] = X[col].isna().astype(int)
/Users/janisaez/code/nanoclaw/autoresearch/projects/ct-predictor/train.py:131: PerformanceWarning: DataFrame is highly fragmented.  This is usually the result of calling `frame.insert` many times, which has poor performance.  Consider joining all columns at once using pd.concat(axis=1) instead. To get a de-fragmented frame, use `newframe = frame.copy()`
  X[f"{col}_missing"] = X[col].isna().astype(int)
/Users/janisaez/code/nanoclaw/autoresearch/projects/ct-predictor/train.py:131: PerformanceWarning: DataFrame is highly fragmented.  This is usually the result of calling `frame.insert` many times, which has poor performance.  Consider joining all columns at once using pd.concat(axis=1) instead. To get a de-fragmented frame, use `newframe = frame.copy()`
  X[f"{col}_missing"] = X[col].isna().astype(int)
/Users/janisaez/code/nanoclaw/autoresearch/projects/ct-predictor/train.py:138: PerformanceWarning: DataFrame is highly fragmented.  This is usually the result of calling `frame.insert` many times, which has poor performance.  Consider joining all columns at once using pd.concat(axis=1) instead. To get a de-fragmented frame, use `newframe = frame.copy()`
  X[f"is_{val}"] = (df["indication_area"] == val).astype(int)
/Users/janisaez/code/nanoclaw/autoresearch/projects/ct-predictor/train.py:138: PerformanceWarning: DataFrame is highly fragmented.  This is usually the result of calling `frame.insert` many times, which has poor performance.  Consider joining all columns at once using pd.concat(axis=1) instead. To get a de-fragmented frame, use `newframe = frame.copy()`
  X[f"is_{val}"] = (df["indication_area"] == val).astype(int)
/Users/janisaez/code/nanoclaw/autoresearch/projects/ct-predictor/train.py:138: PerformanceWarning: DataFrame is highly fragmented.  This is usually the result of calling `frame.insert` many times, which has poor performance.  Consider joining all columns at once using pd.concat(axis=1) instead. To get a de-fragmented frame, use `newframe = frame.copy()`
  X[f"is_{val}"] = (df["indication_area"] == val).astype(int)
/Users/janisaez/code/nanoclaw/autoresearch/projects/ct-predictor/train.py:138: PerformanceWarning: DataFrame is highly fragmented.  This is usually the result of calling `frame.insert` many times, which has poor performance.  Consider joining all columns at once using pd.concat(axis=1) instead. To get a de-fragmented frame, use `newframe = frame.copy()`
  X[f"is_{val}"] = (df["indication_area"] == val).astype(int)
/Users/janisaez/code/nanoclaw/autoresearch/projects/ct-predictor/train.py:138: PerformanceWarning: DataFrame is highly fragmented.  This is usually the result of calling `frame.insert` many times, which has poor performance.  Consider joining all columns at once using pd.concat(axis=1) instead. To get a de-fragmented frame, use `newframe = frame.copy()`
  X[f"is_{val}"] = (df["indication_area"] == val).astype(int)
/Users/janisaez/code/nanoclaw/autoresearch/projects/ct-predictor/train.py:138: PerformanceWarning: DataFrame is highly fragmented.  This is usually the result of calling `frame.insert` many times, which has poor performance.  Consider joining all columns at once using pd.concat(axis=1) instead. To get a de-fragmented frame, use `newframe = frame.copy()`
  X[f"is_{val}"] = (df["indication_area"] == val).astype(int)
/Users/janisaez/code/nanoclaw/autoresearch/projects/ct-predictor/train.py:138: PerformanceWarning: DataFrame is highly fragmented.  This is usually the result of calling `frame.insert` many times, which has poor performance.  Consider joining all columns at once using pd.concat(axis=1) instead. To get a de-fragmented frame, use `newframe = frame.copy()`
  X[f"is_{val}"] = (df["indication_area"] == val).astype(int)
/Users/janisaez/code/nanoclaw/autoresearch/projects/ct-predictor/train.py:138: PerformanceWarning: DataFrame is highly fragmented.  This is usually the result of calling `frame.insert` many times, which has poor performance.  Consider joining all columns at once using pd.concat(axis=1) instead. To get a de-fragmented frame, use `newframe = frame.copy()`
  X[f"is_{val}"] = (df["indication_area"] == val).astype(int)
/Users/janisaez/code/nanoclaw/autoresearch/projects/ct-predictor/train.py:143: PerformanceWarning: DataFrame is highly fragmented.  This is usually the result of calling `frame.insert` many times, which has poor performance.  Consider joining all columns at once using pd.concat(axis=1) instead. To get a de-fragmented frame, use `newframe = frame.copy()`
  X[f"endpoint_{val}"] = (df["endpoint_type"] == val).astype(int)
/Users/janisaez/code/nanoclaw/autoresearch/projects/ct-predictor/train.py:143: PerformanceWarning: DataFrame is highly fragmented.  This is usually the result of calling `frame.insert` many times, which has poor performance.  Consider joining all columns at once using pd.concat(axis=1) instead. To get a de-fragmented frame, use `newframe = frame.copy()`
  X[f"endpoint_{val}"] = (df["endpoint_type"] == val).astype(int)
/Users/janisaez/code/nanoclaw/autoresearch/projects/ct-predictor/train.py:143: PerformanceWarning: DataFrame is highly fragmented.  This is usually the result of calling `frame.insert` many times, which has poor performance.  Consider joining all columns at once using pd.concat(axis=1) instead. To get a de-fragmented frame, use `newframe = frame.copy()`
  X[f"endpoint_{val}"] = (df["endpoint_type"] == val).astype(int)
/Users/janisaez/code/nanoclaw/autoresearch/projects/ct-predictor/train.py:143: PerformanceWarning: DataFrame is highly fragmented.  This is usually the result of calling `frame.insert` many times, which has poor performance.  Consider joining all columns at once using pd.concat(axis=1) instead. To get a de-fragmented frame, use `newframe = frame.copy()`
  X[f"endpoint_{val}"] = (df["endpoint_type"] == val).astype(int)
/Users/janisaez/code/nanoclaw/autoresearch/projects/ct-predictor/train.py:143: PerformanceWarning: DataFrame is highly fragmented.  This is usually the result of calling `frame.insert` many times, which has poor performance.  Consider joining all columns at once using pd.concat(axis=1) instead. To get a de-fragmented frame, use `newframe = frame.copy()`
  X[f"endpoint_{val}"] = (df["endpoint_type"] == val).astype(int)
/Users/janisaez/code/nanoclaw/autoresearch/projects/ct-predictor/train.py:143: PerformanceWarning: DataFrame is highly fragmented.  This is usually the result of calling `frame.insert` many times, which has poor performance.  Consider joining all columns at once using pd.concat(axis=1) instead. To get a de-fragmented frame, use `newframe = frame.copy()`
  X[f"endpoint_{val}"] = (df["endpoint_type"] == val).astype(int)
/Users/janisaez/code/nanoclaw/autoresearch/projects/ct-predictor/train.py:143: PerformanceWarning: DataFrame is highly fragmented.  This is usually the result of calling `frame.insert` many times, which has poor performance.  Consider joining all columns at once using pd.concat(axis=1) instead. To get a de-fragmented frame, use `newframe = frame.copy()`
  X[f"endpoint_{val}"] = (df["endpoint_type"] == val).astype(int)
/Users/janisaez/code/nanoclaw/autoresearch/projects/ct-predictor/train.py:143: PerformanceWarning: DataFrame is highly fragmented.  This is usually the result of calling `frame.insert` many times, which has poor performance.  Consider joining all columns at once using pd.concat(axis=1) instead. To get a de-fragmented frame, use `newframe = frame.copy()`
  X[f"endpoint_{val}"] = (df["endpoint_type"] == val).astype(int)
/Users/janisaez/code/nanoclaw/autoresearch/projects/ct-predictor/train.py:149: PerformanceWarning: DataFrame is highly fragmented.  This is usually the result of calling `frame.insert` many times, which has poor performance.  Consider joining all columns at once using pd.concat(axis=1) instead. To get a de-fragmented frame, use `newframe = frame.copy()`
  X[f"sponsor_{val}"] = (st == val).astype(int)
/Users/janisaez/code/nanoclaw/autoresearch/projects/ct-predictor/train.py:149: PerformanceWarning: DataFrame is highly fragmented.  This is usually the result of calling `frame.insert` many times, which has poor performance.  Consider joining all columns at once using pd.concat(axis=1) instead. To get a de-fragmented frame, use `newframe = frame.copy()`
  X[f"sponsor_{val}"] = (st == val).astype(int)
/Users/janisaez/code/nanoclaw/autoresearch/projects/ct-predictor/train.py:149: PerformanceWarning: DataFrame is highly fragmented.  This is usually the result of calling `frame.insert` many times, which has poor performance.  Consider joining all columns at once using pd.concat(axis=1) instead. To get a de-fragmented frame, use `newframe = frame.copy()`
  X[f"sponsor_{val}"] = (st == val).astype(int)
/Users/janisaez/code/nanoclaw/autoresearch/projects/ct-predictor/train.py:155: PerformanceWarning: DataFrame is highly fragmented.  This is usually the result of calling `frame.insert` many times, which has poor performance.  Consider joining all columns at once using pd.concat(axis=1) instead. To get a de-fragmented frame, use `newframe = frame.copy()`
  X[f"{col}_freq"] = df[col].map(freq).fillna(0)
/Users/janisaez/code/nanoclaw/autoresearch/projects/ct-predictor/train.py:165: PerformanceWarning: DataFrame is highly fragmented.  This is usually the result of calling `frame.insert` many times, which has poor performance.  Consider joining all columns at once using pd.concat(axis=1) instead. To get a de-fragmented frame, use `newframe = frame.copy()`
  X[f"log_{col}"] = np.log1p(X[col])
/Users/janisaez/code/nanoclaw/autoresearch/projects/ct-predictor/train.py:170: PerformanceWarning: DataFrame is highly fragmented.  This is usually the result of calling `frame.insert` many times, which has poor performance.  Consider joining all columns at once using pd.concat(axis=1) instead. To get a de-fragmented frame, use `newframe = frame.copy()`
  X["overall_score_x_phase"] = X["ot_overall_score"] * X["phase"]
/Users/janisaez/code/nanoclaw/autoresearch/projects/ct-predictor/train.py:173: PerformanceWarning: DataFrame is highly fragmented.  This is usually the result of calling `frame.insert` many times, which has poor performance.  Consider joining all columns at once using pd.concat(axis=1) instead. To get a de-fragmented frame, use `newframe = frame.copy()`
  X["pub_ratio"] = (X["pubmed_drug_pub_count"] + 1) / (X["pubmed_target_pub_count"] + 1)
/Users/janisaez/code/nanoclaw/autoresearch/projects/ct-predictor/train.py:177: PerformanceWarning: DataFrame is highly fragmented.  This is usually the result of calling `frame.insert` many times, which has poor performance.  Consider joining all columns at once using pd.concat(axis=1) instead. To get a de-fragmented frame, use `newframe = frame.copy()`
  X["total_genetic_evidence"] = X[genetic].sum(axis=1)
/Users/janisaez/code/nanoclaw/autoresearch/projects/ct-predictor/train.py:181: PerformanceWarning: DataFrame is highly fragmented.  This is usually the result of calling `frame.insert` many times, which has poor performance.  Consider joining all columns at once using pd.concat(axis=1) instead. To get a de-fragmented frame, use `newframe = frame.copy()`
  X["regulatory_advantage"] = X[reg].sum(axis=1)
/Users/janisaez/code/nanoclaw/autoresearch/projects/ct-predictor/train.py:184: PerformanceWarning: DataFrame is highly fragmented.  This is usually the result of calling `frame.insert` many times, which has poor performance.  Consider joining all columns at once using pd.concat(axis=1) instead. To get a de-fragmented frame, use `newframe = frame.copy()`
  X["total_healthcare_spend"] = X["medicare_indication_spend"] + X["medicaid_indication_spend"]
/Users/janisaez/code/nanoclaw/autoresearch/projects/ct-predictor/train.py:185: PerformanceWarning: DataFrame is highly fragmented.  This is usually the result of calling `frame.insert` many times, which has poor performance.  Consider joining all columns at once using pd.concat(axis=1) instead. To get a de-fragmented frame, use `newframe = frame.copy()`
  X["log_total_healthcare_spend"] = np.log1p(X["total_healthcare_spend"])
/Users/janisaez/code/nanoclaw/autoresearch/projects/ct-predictor/train.py:189: PerformanceWarning: DataFrame is highly fragmented.  This is usually the result of calling `frame.insert` many times, which has poor performance.  Consider joining all columns at once using pd.concat(axis=1) instead. To get a de-fragmented frame, use `newframe = frame.copy()`
  X["drug_maturity_x_evidence"] = X["chembl_max_phase"] * X["ot_overall_score"]
/Users/janisaez/code/nanoclaw/autoresearch/projects/ct-predictor/train.py:193: PerformanceWarning: DataFrame is highly fragmented.  This is usually the result of calling `frame.insert` many times, which has poor performance.  Consider joining all columns at once using pd.concat(axis=1) instead. To get a de-fragmented frame, use `newframe = frame.copy()`
  X["phase_x_regulatory"] = X["phase"] * X["regulatory_advantage"]
/Users/janisaez/code/nanoclaw/autoresearch/projects/ct-predictor/train.py:197: PerformanceWarning: DataFrame is highly fragmented.  This is usually the result of calling `frame.insert` many times, which has poor performance.  Consider joining all columns at once using pd.concat(axis=1) instead. To get a de-fragmented frame, use `newframe = frame.copy()`
  X["selectivity_x_tractability"] = X["chembl_selectivity"] * X["ot_target_tractability"]
/Users/janisaez/code/nanoclaw/autoresearch/projects/ct-predictor/train.py:202: PerformanceWarning: DataFrame is highly fragmented.  This is usually the result of calling `frame.insert` many times, which has poor performance.  Consider joining all columns at once using pd.concat(axis=1) instead. To get a de-fragmented frame, use `newframe = frame.copy()`
  X["prior_evidence_score"] = X[prior].mean(axis=1)
/Users/janisaez/code/nanoclaw/autoresearch/projects/ct-predictor/train.py:206: PerformanceWarning: DataFrame is highly fragmented.  This is usually the result of calling `frame.insert` many times, which has poor performance.  Consider joining all columns at once using pd.concat(axis=1) instead. To get a de-fragmented frame, use `newframe = frame.copy()`
  X["genetic_x_tractability"] = X["total_genetic_evidence"] * X["ot_target_tractability"]
/Users/janisaez/code/nanoclaw/autoresearch/projects/ct-predictor/train.py:210: PerformanceWarning: DataFrame is highly fragmented.  This is usually the result of calling `frame.insert` many times, which has poor performance.  Consider joining all columns at once using pd.concat(axis=1) instead. To get a de-fragmented frame, use `newframe = frame.copy()`
  X["depmap_x_maxphase"] = X["depmap_essentiality"] * X["chembl_max_phase"]
/Users/janisaez/code/nanoclaw/autoresearch/projects/ct-predictor/train.py:214: PerformanceWarning: DataFrame is highly fragmented.  This is usually the result of calling `frame.insert` many times, which has poor performance.  Consider joining all columns at once using pd.concat(axis=1) instead. To get a de-fragmented frame, use `newframe = frame.copy()`
  X["phase_sq"] = X["phase"] ** 2
/Users/janisaez/code/nanoclaw/autoresearch/projects/ct-predictor/train.py:219: PerformanceWarning: DataFrame is highly fragmented.  This is usually the result of calling `frame.insert` many times, which has poor performance.  Consider joining all columns at once using pd.concat(axis=1) instead. To get a de-fragmented frame, use `newframe = frame.copy()`
  X["enrollment_per_site"] = X["enrollment"] / denom
/Users/janisaez/code/nanoclaw/autoresearch/projects/ct-predictor/train.py:220: PerformanceWarning: DataFrame is highly fragmented.  This is usually the result of calling `frame.insert` many times, which has poor performance.  Consider joining all columns at once using pd.concat(axis=1) instead. To get a de-fragmented frame, use `newframe = frame.copy()`
  X["log_enrollment_per_site"] = np.log1p(X["enrollment_per_site"])
/Users/janisaez/code/nanoclaw/autoresearch/projects/ct-predictor/train.py:224: PerformanceWarning: DataFrame is highly fragmented.  This is usually the result of calling `frame.insert` many times, which has poor performance.  Consider joining all columns at once using pd.concat(axis=1) instead. To get a de-fragmented frame, use `newframe = frame.copy()`
  X["biomarker_x_evidence"] = X["has_biomarker_selection"] * X["ot_overall_score"]
/Users/janisaez/code/nanoclaw/autoresearch/projects/ct-predictor/train.py:228: PerformanceWarning: DataFrame is highly fragmented.  This is usually the result of calling `frame.insert` many times, which has poor performance.  Consider joining all columns at once using pd.concat(axis=1) instead. To get a de-fragmented frame, use `newframe = frame.copy()`
  X["prior_success_x_phase"] = X["prior_phase_success"] * X["phase"]
/Users/janisaez/code/nanoclaw/autoresearch/projects/ct-predictor/train.py:232: PerformanceWarning: DataFrame is highly fragmented.  This is usually the result of calling `frame.insert` many times, which has poor performance.  Consider joining all columns at once using pd.concat(axis=1) instead. To get a de-fragmented frame, use `newframe = frame.copy()`
  X["research_momentum"] = X["openalex_citation_velocity"] + X["biorxiv_preprint_count"]
/Users/janisaez/code/nanoclaw/autoresearch/projects/ct-predictor/train.py:233: PerformanceWarning: DataFrame is highly fragmented.  This is usually the result of calling `frame.insert` many times, which has poor performance.  Consider joining all columns at once using pd.concat(axis=1) instead. To get a de-fragmented frame, use `newframe = frame.copy()`
  X["log_research_momentum"] = np.log1p(X["research_momentum"])
/Users/janisaez/code/nanoclaw/autoresearch/projects/ct-predictor/train.py:237: PerformanceWarning: DataFrame is highly fragmented.  This is usually the result of calling `frame.insert` many times, which has poor performance.  Consider joining all columns at once using pd.concat(axis=1) instead. To get a de-fragmented frame, use `newframe = frame.copy()`
  X["dmc_x_sites"] = X["has_dmc"] * np.log1p(X["num_sites"])
/Users/janisaez/code/nanoclaw/autoresearch/projects/ct-predictor/train.py:241: PerformanceWarning: DataFrame is highly fragmented.  This is usually the result of calling `frame.insert` many times, which has poor performance.  Consider joining all columns at once using pd.concat(axis=1) instead. To get a de-fragmented frame, use `newframe = frame.copy()`
  X["oncology_x_enr_per_site"] = X["is_oncology"] * X["enrollment_per_site"]
/Users/janisaez/code/nanoclaw/autoresearch/projects/ct-predictor/train.py:243: PerformanceWarning: DataFrame is highly fragmented.  This is usually the result of calling `frame.insert` many times, which has poor performance.  Consider joining all columns at once using pd.concat(axis=1) instead. To get a de-fragmented frame, use `newframe = frame.copy()`
  X["oncology_x_phase"] = X["is_oncology"] * X["phase"]
/Users/janisaez/code/nanoclaw/autoresearch/projects/ct-predictor/train.py:245: PerformanceWarning: DataFrame is highly fragmented.  This is usually the result of calling `frame.insert` many times, which has poor performance.  Consider joining all columns at once using pd.concat(axis=1) instead. To get a de-fragmented frame, use `newframe = frame.copy()`
  X["immunology_x_enr_per_site"] = X["is_immunology"] * X["enrollment_per_site"]
/Users/janisaez/code/nanoclaw/autoresearch/projects/ct-predictor/train.py:247: PerformanceWarning: DataFrame is highly fragmented.  This is usually the result of calling `frame.insert` many times, which has poor performance.  Consider joining all columns at once using pd.concat(axis=1) instead. To get a de-fragmented frame, use `newframe = frame.copy()`
  X["competitor_x_phase"] = X["competitor_trial_count"] * X["phase"]
/Users/janisaez/code/nanoclaw/autoresearch/projects/ct-predictor/train.py:299: PerformanceWarning: DataFrame is highly fragmented.  This is usually the result of calling `frame.insert` many times, which has poor performance.  Consider joining all columns at once using pd.concat(axis=1) instead. To get a de-fragmented frame, use `newframe = frame.copy()`
  X["same_target_success_rate"] = same_target_rate
/Users/janisaez/code/nanoclaw/autoresearch/projects/ct-predictor/train.py:300: PerformanceWarning: DataFrame is highly fragmented.  This is usually the result of calling `frame.insert` many times, which has poor performance.  Consider joining all columns at once using pd.concat(axis=1) instead. To get a de-fragmented frame, use `newframe = frame.copy()`
  X["same_target_trial_count"] = same_target_n
/Users/janisaez/code/nanoclaw/autoresearch/projects/ct-predictor/train.py:306: PerformanceWarning: DataFrame is highly fragmented.  This is usually the result of calling `frame.insert` many times, which has poor performance.  Consider joining all columns at once using pd.concat(axis=1) instead. To get a de-fragmented frame, use `newframe = frame.copy()`
  X["safety_risk_novel_ubiquitous"] = novelty * X["target_expression_breadth"]
/Users/janisaez/code/nanoclaw/autoresearch/projects/ct-predictor/train.py:310: PerformanceWarning: DataFrame is highly fragmented.  This is usually the result of calling `frame.insert` many times, which has poor performance.  Consider joining all columns at once using pd.concat(axis=1) instead. To get a de-fragmented frame, use `newframe = frame.copy()`
  X["safety_risk_compound"] = X["ot_safety_liability_count"] * X["target_expression_breadth"] / 54
/Users/janisaez/code/nanoclaw/autoresearch/projects/ct-predictor/train.py:316: PerformanceWarning: DataFrame is highly fragmented.  This is usually the result of calling `frame.insert` many times, which has poor performance.  Consider joining all columns at once using pd.concat(axis=1) instead. To get a de-fragmented frame, use `newframe = frame.copy()`
  X["genetic_validation_for_novel"] = genetic_evidence * novelty
/Users/janisaez/code/nanoclaw/autoresearch/projects/ct-predictor/train.py:320: PerformanceWarning: DataFrame is highly fragmented.  This is usually the result of calling `frame.insert` many times, which has poor performance.  Consider joining all columns at once using pd.concat(axis=1) instead. To get a de-fragmented frame, use `newframe = frame.copy()`
  X["combo_drug2_evidence"] = (
/Users/janisaez/code/nanoclaw/autoresearch/projects/ct-predictor/train.py:328: PerformanceWarning: DataFrame is highly fragmented.  This is usually the result of calling `frame.insert` many times, which has poor performance.  Consider joining all columns at once using pd.concat(axis=1) instead. To get a de-fragmented frame, use `newframe = frame.copy()`
  X["combo_complementary"] = X["is_combination"] * (1 - X["combo_go_overlap"])
/opt/homebrew/lib/python3.14/site-packages/sklearn/linear_model/_logistic.py:406: ConvergenceWarning: lbfgs failed to converge after 113 iteration(s) (status=2):
ABNORMAL: 

You might also want to scale the data as shown in:
    https://scikit-learn.org/stable/modules/preprocessing.html
Please also refer to the documentation for alternative solver options:
    https://scikit-learn.org/stable/modules/linear_model.html#logistic-regression
  n_iter_i = _check_optimize_result(
/opt/homebrew/lib/python3.14/site-packages/sklearn/linear_model/_logistic.py:406: ConvergenceWarning: lbfgs failed to converge after 28 iteration(s) (status=2):
ABNORMAL: 

You might also want to scale the data as shown in:
    https://scikit-learn.org/stable/modules/preprocessing.html
Please also refer to the documentation for alternative solver options:
    https://scikit-learn.org/stable/modules/linear_model.html#logistic-regression
  n_iter_i = _check_optimize_result(
/opt/homebrew/lib/python3.14/site-packages/sklearn/linear_model/_logistic.py:406: ConvergenceWarning: lbfgs failed to converge after 1000 iteration(s) (status=1):
STOP: TOTAL NO. OF ITERATIONS REACHED LIMIT

Increase the number of iterations to improve the convergence (max_iter=1000).
You might also want to scale the data as shown in:
    https://scikit-learn.org/stable/modules/preprocessing.html
Please also refer to the documentation for alternative solver options:
    https://scikit-learn.org/stable/modules/linear_model.html#logistic-regression
  n_iter_i = _check_optimize_result(
cv_auc_roc:        0.654646
cv_auc_std:        0.080223
train_n_features:  232
train_n_samples:   1720
training_seconds:  3153.0
train_model_type:  VotingClassifier

Selected features:
  - phase
  - enrollment
  - num_arms
  - has_dmc
  - num_secondary_endpoints
  - num_sites
  - has_biomarker_selection
  - competitor_trial_count
  - prior_phase_success
  - ot_overall_score
  - ot_target_tractability
  - target_disease_score
  - chembl_selectivity
  - chembl_best_ic50_nm
  - chembl_num_assays
  - chembl_max_phase
  - chembl_moa_count
  - drugbank_interaction_count
  - drugbank_target_count
  - drugbank_enzyme_count
  - drugbank_half_life_hours
  - drugbank_molecular_weight
  - bindingdb_ki_nm
  - bindingdb_kd_nm
  - bindingdb_num_measurements
  - clinpgx_guideline_count
  - clinpgx_actionable
  - fda_prior_approval_class
  - fda_class_ae_count
  - pubmed_target_pub_count
  - pubmed_drug_pub_count
  - openalex_citation_velocity
  - biorxiv_preprint_count
  - medicare_indication_spend
  - medicaid_indication_spend
  - reactome_pathway_count
  - stringdb_interaction_degree
  - gtex_tissue_specificity
  - gnomad_pli
  - gnomad_loeuf
  - clinvar_pathogenic_count
  - gwas_hit_count
  - gwas_best_pvalue
  - depmap_essentiality
  - cbioportal_mutation_freq
  - hpo_phenotype_count
  - ema_approved_similar
  - eu_filings_count
  - pdb_structure_count
  - alphafold_available
  - alphafold_confidence
  - nlm_condition_codes
  - cosmic_mutation_count
  - ensembl_transcript_count
  - go_term_count
  - ot_disease_association_count
  - ot_safety_liability_count
  - pubchem_complexity
  - pubchem_hbond_acceptor
  - pubchem_hbond_donor
  - pubchem_molecular_weight
  - pubchem_rotatable_bonds
  - pubchem_xlogp
  - is_combination
  - n_drugs
  - combo_drug2_has_target
  - combo_drug2_trial_count
  - combo_drug2_max_phase
  - combo_phase_ratio
  - combo_drug2_pub_count
  - combo_drug2_ot_score
  - combo_drug2_pli
  - combo_shared_pathways
  - combo_targets_same_pathway
  - combo_go_overlap
  - combo_bp_overlap
  - combo_shared_bp_count
  - target_expression_breadth
  - combo_drug2_target_disease_score
  - combo_drug2_completed_trials
  - combo_drug2_terminated_trials
  - combo_drug2_fail_ratio
  - num_arms_missing
  - num_secondary_endpoints_missing
  - num_sites_missing
  - competitor_trial_count_missing
  - ot_overall_score_missing
  - ot_target_tractability_missing
  - target_disease_score_missing
  - chembl_selectivity_missing
  - chembl_best_ic50_nm_missing
  - chembl_num_assays_missing
  - chembl_max_phase_missing
  - chembl_moa_count_missing
  - drugbank_interaction_count_missing
  - drugbank_target_count_missing
  - drugbank_enzyme_count_missing
  - drugbank_transporter_count_missing
  - drugbank_half_life_hours_missing
  - drugbank_molecular_weight_missing
  - bindingdb_ki_nm_missing
  - bindingdb_kd_nm_missing
  - bindingdb_num_measurements_missing
  - clinpgx_cyp_substrate_count_missing
  - fda_prior_approval_class_missing
  - fda_class_ae_count_missing
  - pubmed_target_pub_count_missing
  - openalex_citation_velocity_missing
  - biorxiv_preprint_count_missing
  - medicare_indication_spend_missing
  - medicaid_indication_spend_missing
  - reactome_pathway_count_missing
  - stringdb_interaction_degree_missing
  - gtex_tissue_specificity_missing
  - gnomad_pli_missing
  - gnomad_loeuf_missing
  - clinvar_pathogenic_count_missing
  - gwas_hit_count_missing
  - gwas_best_pvalue_missing
  - depmap_essentiality_missing
  - cbioportal_mutation_freq_missing
  - monarch_gene_count_missing
  - eu_filings_count_missing
  - pdb_structure_count_missing
  - alphafold_available_missing
  - alphafold_confidence_missing
  - brenda_has_kinetics_missing
  - brenda_km_count_missing
  - cdc_has_surveillance_missing
  - nlm_condition_codes_missing
  - cosmic_is_driver_missing
  - cosmic_mutation_count_missing
  - ensembl_transcript_count_missing
  - geo_dataset_count_missing
  - go_biological_process_count_missing
  - go_molecular_function_count_missing
  - go_term_count_missing
  - kegg_pathway_count_missing
  - ot_disease_association_count_missing
  - ot_safety_liability_count_missing
  - pubchem_complexity_missing
  - pubchem_hbond_acceptor_missing
  - pubchem_hbond_donor_missing
  - pubchem_molecular_weight_missing
  - pubchem_rotatable_bonds_missing
  - pubchem_xlogp_missing
  - combo_drug2_has_target_missing
  - combo_drug2_fda_approved_missing
  - combo_drug2_trial_count_missing
  - combo_drug2_max_phase_missing
  - combo_phase_ratio_missing
  - combo_drug2_pub_count_missing
  - combo_drug2_ot_score_missing
  - combo_drug2_pli_missing
  - combo_targets_interact_missing
  - combo_shared_pathways_missing
  - combo_targets_same_pathway_missing
  - combo_go_overlap_missing
  - combo_bp_overlap_missing
  - combo_shared_bp_count_missing
  - target_expression_breadth_missing
  - combo_drug2_target_disease_score_missing
  - combo_drug2_completed_trials_missing
  - combo_drug2_terminated_trials_missing
  - combo_drug2_fail_ratio_missing
  - is_oncology
  - is_immunology
  - is_cardiovascular
  - is_cns
  - is_other
  - is_respiratory
  - is_infectious
  - is_metabolic
  - endpoint_PRO
  - endpoint_PFS
  - endpoint_other
  - endpoint_OS
  - endpoint_ORR
  - endpoint_biomarker
  - endpoint_DFS
  - endpoint_composite
  - sponsor_industry
  - sponsor_nih
  - sponsor_other
  - allocation_freq
  - masking_freq
  - intervention_type_freq
  - log_chembl_best_ic50_nm
  - log_bindingdb_ki_nm
  - log_bindingdb_kd_nm
  - log_enrollment
  - log_pubmed_target_pub_count
  - log_pubmed_drug_pub_count
  - log_medicare_indication_spend
  - log_medicaid_indication_spend
  - log_chembl_selectivity
  - log_bindingdb_num_measurements
  - log_openalex_citation_velocity
  - log_biorxiv_preprint_count
  - log_clinvar_pathogenic_count
  - log_gwas_hit_count
  - overall_score_x_phase
  - pub_ratio
  - total_genetic_evidence
  - regulatory_advantage
  - total_healthcare_spend
  - log_total_healthcare_spend
  - drug_maturity_x_evidence
  - phase_x_regulatory
  - selectivity_x_tractability
  - prior_evidence_score
  - genetic_x_tractability
  - depmap_x_maxphase
  - phase_sq
  - enrollment_per_site
  - log_enrollment_per_site
  - biomarker_x_evidence
  - prior_success_x_phase
  - research_momentum
  - log_research_momentum
  - dmc_x_sites
  - oncology_x_enr_per_site
  - oncology_x_phase
  - immunology_x_enr_per_site
  - competitor_x_phase
  - same_target_success_rate
  - same_target_trial_count
  - safety_risk_novel_ubiquitous
  - safety_risk_compound
  - genetic_validation_for_novel
  - combo_drug2_evidence
  - combo_complementary
